C51 COMPILER V9.60.7.0   INIT                                                              04/11/2024 19:53:45 PAGE 1   


C51 COMPILER V9.60.7.0, COMPILATION OF MODULE INIT
OBJECT MODULE PLACED IN .\Objects\init.obj
COMPILER INVOKED BY: F:\keil5\C51\BIN\C51.EXE init.c OPTIMIZE(8,SPEED) BROWSE DEBUG OBJECTEXTEND PRINT(.\Listings\init.l
                    -st) TABS(2) OBJECT(.\Objects\init.obj)

line level    source

   1          #include "init.h"
   2          
   3          void Init(void)
   4          {
   5   1        //LED_init
   6   1        P0 = 0xff;
   7   1        P2 = P2 & 0x1f | 0x80;
   8   1        P2 = P2 & 0x1f;
   9   1        
  10   1        //buzzer_relay_init
  11   1        P0 = 0x00;
  12   1        P2 = P2 & 0x1f | 0xa0;
  13   1        P2 = P2 & 0x1f;
  14   1      }


MODULE INFORMATION:   STATIC OVERLAYABLE
   CODE SIZE        =     29    ----
   CONSTANT SIZE    =   ----    ----
   XDATA SIZE       =   ----    ----
   PDATA SIZE       =   ----    ----
   DATA SIZE        =   ----    ----
   IDATA SIZE       =   ----    ----
   BIT SIZE         =   ----    ----
END OF MODULE INFORMATION.


C51 COMPILATION COMPLETE.  0 WARNING(S),  0 ERROR(S)
