C51 COMPILER V9.60.7.0   KEY                                                               04/11/2024 19:53:46 PAGE 1   


C51 COMPILER V9.60.7.0, COMPILATION OF MODULE KEY
OBJECT MODULE PLACED IN .\Objects\key.obj
COMPILER INVOKED BY: F:\keil5\C51\BIN\C51.EXE key.c OPTIMIZE(8,SPEED) BROWSE DEBUG OBJECTEXTEND PRINT(.\Listings\key.lst
                    -) TABS(2) OBJECT(.\Objects\key.obj)

line level    source

   1          #include "key.h"
   2          
   3          
   4          unsigned char Key_Read(void)
   5          {
   6   1        unsigned int temp = 0;
   7   1        unsigned char key_val = 0;
   8   1        
   9   1        //COL
  10   1        P44 = 0;
  11   1        P42 = 1;
  12   1        P35 = 1;
  13   1        P34 = 1;
  14   1        temp = P3 & 0x0f;
  15   1        
  16   1        P44 = 1;
  17   1        P42 = 0;
  18   1        P35 = 1;
  19   1        P34 = 1;
  20   1        temp = (temp << 4) | (P3 & 0x0f);
  21   1        
  22   1        P44 = 1;
  23   1        P42 = 1;
  24   1        P35 = 0;
  25   1        P34 = 1;
  26   1        temp = (temp << 4) | (P3 & 0x0f);
  27   1        
  28   1        P44 = 1;
  29   1        P42 = 1;
  30   1        P35 = 1;
  31   1        P34 = 0;
  32   1        temp = (temp << 4) | (P3 & 0x0f);
  33   1        
  34   1        switch(~temp)
  35   1        {
  36   2          case 0x1000:
  37   2            key_val = 7;
  38   2            break;
  39   2          case 0x2000:
  40   2            key_val = 6;
  41   2            break;
  42   2          case 0x4000:
  43   2            key_val = 5;
  44   2            break;
  45   2          case 0x8000:
  46   2            key_val = 4;
  47   2            break;
  48   2          
  49   2          case 0x0100:
  50   2            key_val = 11;
  51   2            break;
  52   2          case 0x0200:
  53   2            key_val = 10;
  54   2            break;
C51 COMPILER V9.60.7.0   KEY                                                               04/11/2024 19:53:46 PAGE 2   

  55   2          case 0x0400:
  56   2            key_val = 9;
  57   2            break;
  58   2          case 0x0800:
  59   2            key_val = 8;
  60   2            break;
  61   2          
  62   2          case 0x0010:
  63   2            key_val = 15;
  64   2            break;
  65   2          case 0x0020:
  66   2            key_val = 14;
  67   2            break;
  68   2          case 0x0040:
  69   2            key_val = 13;
  70   2            break;
  71   2          case 0x0080:
  72   2            key_val = 12;
  73   2            break;
  74   2          
  75   2          case 0x0001:
  76   2            key_val = 19;
  77   2            break;
  78   2          case 0x0002:
  79   2            key_val = 18;
  80   2            break;
  81   2          case 0x0004:
  82   2            key_val = 17;
  83   2            break;
  84   2          case 0x0008:
  85   2            key_val = 16;
  86   2            break;
  87   2        }
  88   1        return key_val;
  89   1      }


MODULE INFORMATION:   STATIC OVERLAYABLE
   CODE SIZE        =    260    ----
   CONSTANT SIZE    =   ----    ----
   XDATA SIZE       =   ----    ----
   PDATA SIZE       =   ----    ----
   DATA SIZE        =   ----       1
   IDATA SIZE       =   ----    ----
   BIT SIZE         =   ----    ----
END OF MODULE INFORMATION.


C51 COMPILATION COMPLETE.  0 WARNING(S),  0 ERROR(S)
