C51 COMPILER V9.60.7.0   MAIN                                                              04/11/2024 19:55:09 PAGE 1   


C51 COMPILER V9.60.7.0, COMPILATION OF MODULE MAIN
OBJECT MODULE PLACED IN .\Objects\main.obj
COMPILER INVOKED BY: F:\keil5\C51\BIN\C51.EXE main.c OPTIMIZE(8,SPEED) BROWSE DEBUG OBJECTEXTEND PRINT(.\Listings\main.l
                    -st) TABS(2) OBJECT(.\Objects\main.obj)

line level    source

   1          #include "init.h"
   2          #include "seg.h"
   3          #include "timer.h"
   4          #include "key.h"
   5          #include "stdio.h"
   6          #include "ultrasonic.h"
   7          #include "ds1302.h"
   8          #include "iic.h"
   9          #include "onewire.h"
  10          
  11          
  12          //Key
  13          unsigned char key_val = 0;
  14          
  15          //Seg
  16          unsigned char seg_val[9] = {0};
  17          unsigned char seg_code[8] = {0};
  18          void Seg_Set(void);
  19          unsigned char seg_dly = 0;
  20          unsigned char seg_place = 0;
  21          
  22          //Timer
  23          unsigned long time_st = 0;
  24          
  25          //Ultrasonic
  26          unsigned char dist = 0;
  27          void Dist_Test(void);
  28          unsigned int dist_dly = 0;
  29          
  30          //DS1302
  31          unsigned char ds1302_val[3] = {22, 59, 55};
  32          
  33          //PCF8591
  34          unsigned char PCF8591_dly = 0;
  35          void PCF5891_Test(void);
  36          
  37          //NE555
  38          unsigned int ne555 = 0;
  39          void NE555_Test(void);
  40          unsigned int ne555_dly = 0;
  41          
  42          //DS18B20
  43          float temperature = 0;
  44          unsigned int temperature_dly = 0;
  45          void Temp_Proc(void);
  46          
  47          void main(void)
  48          {
  49   1        Init();
  50   1        Timer0_Init();
  51   1        Timer1_Init();
  52   1        EA = 1;
  53   1        Set_DS1302(ds1302_val);
  54   1        
C51 COMPILER V9.60.7.0   MAIN                                                              04/11/2024 19:55:09 PAGE 2   

  55   1        while(1)
  56   1        {
  57   2          Temp_Proc();
  58   2        }
  59   1      }
  60          
  61          void PCF5891_Test(void)
  62          {
  63   1        unsigned char temp1 = 0;
  64   1        unsigned char temp2 = 0;
  65   1        
  66   1        if(PCF8591_dly < 200)
  67   1          return;
  68   1        
  69   1        PCF8591_dly = 0;
  70   1        
  71   1        temp1 = PCF5891_ADC(0x41);
  72   1        temp2 = PCF5891_ADC(0x43);
  73   1        
  74   1        sprintf(seg_val, "%03u %03u", (unsigned int)temp2, (unsigned int)temp1);
  75   1        Seg_Set();
  76   1      }
  77          
  78          void NE555_Test(void)
  79          {
  80   1        if(ne555_dly < 500)
  81   1          return;
  82   1        ne555_dly = 0;
  83   1        
  84   1        sprintf(seg_val, "%u", ne555);
  85   1        Seg_Set();
  86   1      }
  87          
  88          void Temp_Proc(void)
  89          {
  90   1        if(temperature_dly < 500)
  91   1          return;
  92   1        
  93   1        temperature_dly = 0;
  94   1        
  95   1        temperature = Read_Temperature() / 16.0;
  96   1        sprintf(seg_val, "%.2f", temperature);
  97   1        Seg_Set();
  98   1      }
  99          
 100          void Seg_Set(void)
 101          {
 102   1        if(seg_dly < 200)
 103   1          return;
 104   1        
 105   1        seg_dly = 0;
 106   1        Seg_Tran(seg_val, seg_code);
 107   1      }
 108          
 109          void Dist_Test(void)
 110          {
 111   1        if(dist_dly < 500)
 112   1            return;
 113   1        
 114   1        dist_dly = 0;
 115   1        dist = Ultrasonic_Test();
 116   1        sprintf(seg_val, "%u", (unsigned int)dist);
C51 COMPILER V9.60.7.0   MAIN                                                              04/11/2024 19:55:09 PAGE 3   

 117   1      }
 118          
 119          
 120          
 121          void Timer_1(void) interrupt 3
 122          {
 123   1        time_st++;
 124   1        seg_dly++;
 125   1        dist_dly++;
 126   1        PCF8591_dly++;
 127   1        ne555_dly++;
 128   1        temperature_dly++;
 129   1        
 130   1        if(time_st % 2 == 0)
 131   1        {
 132   2          seg_place = (seg_place + 1) % 8;
 133   2          Seg_Display(seg_code, seg_place);
 134   2        }
 135   1        
 136   1        if(time_st % 1000 == 0)
 137   1        {
 138   2          ne555 = ((TH0 << 8) | TL0);
 139   2          TH0 = 0;
 140   2          TL0 = 0;
 141   2        }
 142   1      }


MODULE INFORMATION:   STATIC OVERLAYABLE
   CODE SIZE        =    465    ----
   CONSTANT SIZE    =     18    ----
   XDATA SIZE       =   ----    ----
   PDATA SIZE       =   ----    ----
   DATA SIZE        =     41       1
   IDATA SIZE       =   ----    ----
   BIT SIZE         =   ----    ----
END OF MODULE INFORMATION.


C51 COMPILATION COMPLETE.  0 WARNING(S),  0 ERROR(S)
