C51 COMPILER V9.60.7.0   ULTRASONIC                                                        04/11/2024 19:53:46 PAGE 1   


C51 COMPILER V9.60.7.0, COMPILATION OF MODULE ULTRASONIC
OBJECT MODULE PLACED IN .\Objects\ultrasonic.obj
COMPILER INVOKED BY: F:\keil5\C51\BIN\C51.EXE ultrasonic.c OPTIMIZE(8,SPEED) BROWSE DEBUG OBJECTEXTEND PRINT(.\Listings\
                    -ultrasonic.lst) TABS(2) OBJECT(.\Objects\ultrasonic.obj)

line level    source

   1          #include "ultrasonic.h"
   2          
   3          unsigned char Ultrasonic_Test(void)
   4          {
   5   1        unsigned char n = 10;
   6   1        
   7   1        //定时器复位
   8   1        Tx = 0;
   9   1        TL0 = 0xF4;
  10   1        TH0 = 0xFF;
  11   1        TR0 = 1;//开始计时
  12   1        
  13   1        while(n--)
  14   1        {
  15   2          while(!TF0);
  16   2          Tx ^= 1;
  17   2          TF0 = 0;
  18   2        }
  19   1        
  20   1        //开始正计时
  21   1        TR0 = 0;
  22   1        TL0 = 0;
  23   1        TH0 = 0;
  24   1        TR0 = 1;
  25   1        
  26   1        while(Rx && !TF0);
  27   1        TR0 = 0;
  28   1        
  29   1        if(TF0)
  30   1          return 255;
  31   1        else
  32   1          return ((TH0 << 8) | TL0) * 0.017;
  33   1        //定时器为12T模式，每1us记一次
  34   1      }


MODULE INFORMATION:   STATIC OVERLAYABLE
   CODE SIZE        =     78    ----
   CONSTANT SIZE    =   ----    ----
   XDATA SIZE       =   ----    ----
   PDATA SIZE       =   ----    ----
   DATA SIZE        =   ----    ----
   IDATA SIZE       =   ----    ----
   BIT SIZE         =   ----    ----
END OF MODULE INFORMATION.


C51 COMPILATION COMPLETE.  0 WARNING(S),  0 ERROR(S)
