C51 COMPILER V9.60.7.0   KEY                                                               03/28/2024 23:16:52 PAGE 1   


C51 COMPILER V9.60.7.0, COMPILATION OF MODULE KEY
OBJECT MODULE PLACED IN .\Objects\key.obj
COMPILER INVOKED BY: F:\keil5\C51\BIN\C51.EXE Driver\key.c OPTIMIZE(8,SPEED) BROWSE INCDIR(.\Driver) DEBUG OBJECTEXTEND 
                    -PRINT(.\Listings\key.lst) TABS(2) OBJECT(.\Objects\key.obj)

line level    source

   1          #include "key.h"
   2          
   3          
   4          unsigned char Key_Read_BTN(void)
   5          {
   6   1        if(P33 == 0)
   7   1          return 4;
   8   1        else if(P32 == 0)
   9   1          return 5;
  10   1        else if(P31 == 0)
  11   1          return 6;
  12   1        else if(P30 == 0)
  13   1          return 7;
  14   1        else
  15   1          return 0;
  16   1        
  17   1      }
  18          
  19          
  20          unsigned char Key_Read_KBD(void)
  21          {
  22   1        unsigned int Key_New = 0;
  23   1        unsigned char Key_Val = 0;
  24   1        
  25   1        P44 = 0;
  26   1        P42 = 1;
  27   1        P35 = 1;
  28   1        P34 = 1;
  29   1        // xxxx xxxx xxxx S4 S5 S6 S7
  30   1        Key_New = (P3 & 0x0f);
  31   1        
  32   1        P44 = 1;
  33   1        P42 = 0;
  34   1        P35 = 1;
  35   1        P34 = 1;
  36   1        // xxxx xxxx S4 S5 S6 S7 S8 S9 S10 S11
  37   1        Key_New = (Key_New << 4) | (P3 & 0x0f);
  38   1        
  39   1        P44 = 1;
  40   1        P42 = 1;
  41   1        P35 = 0;
  42   1        P34 = 1;
  43   1        // xxxx S4 S5 S6 S7 S8 S9 S10 S11 S12 S13 S14 S15
  44   1        Key_New = (Key_New << 4) | (P3 & 0x0f);
  45   1        
  46   1        P44 = 1;
  47   1        P42 = 1;
  48   1        P35 = 1;
  49   1        P34 = 0;
  50   1        // S4 S5 S6 S7 S8 S9 S10 S11 S12 S13 S14 S15 S16 S17 S18 S19
  51   1        Key_New = (Key_New << 4) | (P3 & 0x0f);
  52   1        
  53   1        switch(~Key_New)
  54   1        {
C51 COMPILER V9.60.7.0   KEY                                                               03/28/2024 23:16:52 PAGE 2   

  55   2          case 0x8000:
  56   2            Key_Val = 4;
  57   2            break;
  58   2          case 0x4000:
  59   2            Key_Val = 5;
  60   2            break;
  61   2          case 0x2000:
  62   2            Key_Val = 6;
  63   2            break;
  64   2          case 0x1000:
  65   2            Key_Val = 7;
  66   2            break;
  67   2          
  68   2          case 0x0800:
  69   2            Key_Val = 8;
  70   2            break;
  71   2          case 0x0400:
  72   2            Key_Val = 9;
  73   2            break;
  74   2          case 0x0200:
  75   2            Key_Val = 10;
  76   2            break;
  77   2          case 0x0100:
  78   2            Key_Val = 11;
  79   2            break;
  80   2          
  81   2          case 0x0080:
  82   2            Key_Val = 12;
  83   2            break;
  84   2          case 0x0040:
  85   2            Key_Val = 13;
  86   2            break;
  87   2          case 0x0020:
  88   2            Key_Val = 14;
  89   2            break;
  90   2          case 0x0010:
  91   2            Key_Val = 15;
  92   2            break;
  93   2          
  94   2          case 0x0008:
  95   2            Key_Val = 16;
  96   2            break;
  97   2          case 0x0004:
  98   2            Key_Val = 17;
  99   2            break;
 100   2          case 0x0002:
 101   2            Key_Val = 18;
 102   2            break;
 103   2          case 0x0001:
 104   2            Key_Val = 19;
 105   2            break;
 106   2          default:
 107   2            Key_Val = 0;
 108   2            break;
 109   2        }
 110   1      
 111   1        return Key_Val;
 112   1      }


MODULE INFORMATION:   STATIC OVERLAYABLE
   CODE SIZE        =    292    ----
C51 COMPILER V9.60.7.0   KEY                                                               03/28/2024 23:16:52 PAGE 3   

   CONSTANT SIZE    =   ----    ----
   XDATA SIZE       =   ----    ----
   PDATA SIZE       =   ----    ----
   DATA SIZE        =   ----       1
   IDATA SIZE       =   ----    ----
   BIT SIZE         =   ----    ----
END OF MODULE INFORMATION.


C51 COMPILATION COMPLETE.  0 WARNING(S),  0 ERROR(S)
