C51 COMPILER V9.60.7.0   KEY                                                               03/31/2024 11:37:27 PAGE 1   


C51 COMPILER V9.60.7.0, COMPILATION OF MODULE KEY
OBJECT MODULE PLACED IN .\Objects\key.obj
COMPILER INVOKED BY: F:\keil5\C51\BIN\C51.EXE ..\Driver\key.c OPTIMIZE(8,SPEED) BROWSE INCDIR(..\Driver) DEBUG OBJECTEXT
                    -END PRINT(.\Listings\key.lst) TABS(2) OBJECT(.\Objects\key.obj)

line level    source

   1          #include <STC15F2K60S2.H>
   2          #include "key.h"
   3          
   4          
   5          unsigned char Key_Read_BTN(void)
   6          {
   7   1        if(P33 == 0)
   8   1          return 4;
   9   1        else if(P32 == 0)
  10   1          return 5;
  11   1        else if(P31 == 0)
  12   1          return 6;
  13   1        else if(P30 == 0)
  14   1          return 7;
  15   1        else
  16   1          return 0;
  17   1        
  18   1      }
  19          
  20          
  21          unsigned char Key_Read_KBD(void)
  22          {
  23   1        unsigned int Key_New = 0;
  24   1        unsigned char Key_Val = 0;
  25   1        
  26   1        P44 = 0;
  27   1        P42 = 1;
  28   1        P35 = 1;
  29   1        P34 = 1;
  30   1        // xxxx xxxx xxxx S4 S5 S6 S7
  31   1        Key_New = (P3 & 0x0f);
  32   1        
  33   1        P44 = 1;
  34   1        P42 = 0;
  35   1        P35 = 1;
  36   1        P34 = 1;
  37   1        // xxxx xxxx S4 S5 S6 S7 S8 S9 S10 S11
  38   1        Key_New = (Key_New << 4) | (P3 & 0x0f);
  39   1        
  40   1        P44 = 1;
  41   1        P42 = 1;
  42   1        P35 = 0;
  43   1        P34 = 1;
  44   1        // xxxx S4 S5 S6 S7 S8 S9 S10 S11 S12 S13 S14 S15
  45   1        Key_New = (Key_New << 4) | (P3 & 0x0f);
  46   1        
  47   1        P44 = 1;
  48   1        P42 = 1;
  49   1        P35 = 1;
  50   1        P34 = 0;
  51   1        // S4 S5 S6 S7 S8 S9 S10 S11 S12 S13 S14 S15 S16 S17 S18 S19
  52   1        Key_New = (Key_New << 4) | (P3 & 0x0f);
  53   1        
  54   1        switch(~Key_New)
C51 COMPILER V9.60.7.0   KEY                                                               03/31/2024 11:37:27 PAGE 2   

  55   1        {
  56   2          case 0x8000:
  57   2            Key_Val = 4;
  58   2            break;
  59   2          case 0x4000:
  60   2            Key_Val = 5;
  61   2            break;
  62   2          case 0x2000:
  63   2            Key_Val = 6;
  64   2            break;
  65   2          case 0x1000:
  66   2            Key_Val = 7;
  67   2            break;
  68   2          
  69   2          case 0x0800:
  70   2            Key_Val = 8;
  71   2            break;
  72   2          case 0x0400:
  73   2            Key_Val = 9;
  74   2            break;
  75   2          case 0x0200:
  76   2            Key_Val = 10;
  77   2            break;
  78   2          case 0x0100:
  79   2            Key_Val = 11;
  80   2            break;
  81   2          
  82   2          case 0x0080:
  83   2            Key_Val = 12;
  84   2            break;
  85   2          case 0x0040:
  86   2            Key_Val = 13;
  87   2            break;
  88   2          case 0x0020:
  89   2            Key_Val = 14;
  90   2            break;
  91   2          case 0x0010:
  92   2            Key_Val = 15;
  93   2            break;
  94   2          
  95   2          case 0x0008:
  96   2            Key_Val = 16;
  97   2            break;
  98   2          case 0x0004:
  99   2            Key_Val = 17;
 100   2            break;
 101   2          case 0x0002:
 102   2            Key_Val = 18;
 103   2            break;
 104   2          case 0x0001:
 105   2            Key_Val = 19;
 106   2            break;
 107   2          default:
 108   2            Key_Val = 0;
 109   2            break;
 110   2        }
 111   1      
 112   1        return Key_Val;
 113   1      }


MODULE INFORMATION:   STATIC OVERLAYABLE
C51 COMPILER V9.60.7.0   KEY                                                               03/31/2024 11:37:27 PAGE 3   

   CODE SIZE        =    292    ----
   CONSTANT SIZE    =   ----    ----
   XDATA SIZE       =   ----    ----
   PDATA SIZE       =   ----    ----
   DATA SIZE        =   ----       1
   IDATA SIZE       =   ----    ----
   BIT SIZE         =   ----    ----
END OF MODULE INFORMATION.


C51 COMPILATION COMPLETE.  0 WARNING(S),  0 ERROR(S)
