C51 COMPILER V9.60.7.0   PCF8591                                                           03/04/2024 11:29:17 PAGE 1   


C51 COMPILER V9.60.7.0, COMPILATION OF MODULE PCF8591
OBJECT MODULE PLACED IN .\Objects\pcf8591.obj
COMPILER INVOKED BY: D:\Keil\C51\BIN\C51.EXE User\pcf8591.c OPTIMIZE(8,SPEED) BROWSE DEBUG OBJECTEXTEND PRINT(.\Listings
                    -\pcf8591.lst) OBJECT(.\Objects\pcf8591.obj)

line level    source

   1          #include "pcf8591.h"
   2          
   3          void Delay(void)          //10ms
   4          {
   5   1              unsigned char i, j;
   6   1      
   7   1              i = 108;
   8   1              j = 145;
   9   1              do
  10   1              {
  11   2                      while (--j);
  12   2              } while (--i);
  13   1      }
  14          
  15          //
  16          void InitPCF8591(void)
  17          {
  18   1              IIC_Start();
  19   1              IIC_SendByte(0x90);
  20   1          IIC_WaitAck();
  21   1              IIC_SendByte(0x43);         
  22   1              IIC_WaitAck();
  23   1              IIC_Stop();
  24   1              Delay();
  25   1      }
  26          
  27          /**/
  28          unsigned char GetADC(unsigned char channel)
  29          {
  30   1              unsigned char temp;
  31   1              IIC_Start();
  32   1              IIC_SendByte(0x90);
  33   1          IIC_WaitAck();
  34   1              IIC_SendByte(0x40 | channel);  //
  35   1              IIC_WaitAck();
  36   1          
  37   1              IIC_Start();
  38   1              IIC_SendByte(0x91);
  39   1              IIC_WaitAck();
  40   1              temp = IIC_RecByte();
  41   1              IIC_SendAck(1);
  42   1              IIC_Stop();
  43   1              
  44   1              return temp;
  45   1      }


MODULE INFORMATION:   STATIC OVERLAYABLE
   CODE SIZE        =     85    ----
   CONSTANT SIZE    =   ----    ----
   XDATA SIZE       =   ----    ----
   PDATA SIZE       =   ----    ----
   DATA SIZE        =   ----       2
   IDATA SIZE       =   ----    ----
C51 COMPILER V9.60.7.0   PCF8591                                                           03/04/2024 11:29:17 PAGE 2   

   BIT SIZE         =   ----    ----
END OF MODULE INFORMATION.


C51 COMPILATION COMPLETE.  0 WARNING(S),  0 ERROR(S)
