C51 COMPILER V9.60.7.0   TIMER                                                             03/27/2024 19:13:44 PAGE 1   


C51 COMPILER V9.60.7.0, COMPILATION OF MODULE TIMER
OBJECT MODULE PLACED IN .\Objects\timer.obj
COMPILER INVOKED BY: F:\keil5\C51\BIN\C51.EXE ..\Driver\timer.c OPTIMIZE(8,SPEED) BROWSE INCDIR(..\Driver) DEBUG OBJECTE
                    -XTEND PRINT(.\Listings\timer.lst) TABS(2) OBJECT(.\Objects\timer.obj)

line level    source

   1          #include "timer.h"
   2          
   3          //void Timer0_Init(void)    //1毫秒@12.000MHz
   4          //{
   5          //  AUXR |= 0x80;     //定时器时钟1T模式
   6          //  TMOD &= 0xF0;     //设置定时器模式
   7          //  TL0 = 0x20;       //设置定时初始值
   8          //  TH0 = 0xD1;       //设置定时初始值
   9          //  TF0 = 0;        //清除TF0标志
  10          //  TR0 = 1;        //定时器0开始计时
  11          //  ET0 = 1;        //打开中断开关
  12          //}
  13          
  14          
  15          
  16          void Timer1_Init(void)    //1毫秒@12.000MHz
  17          {
  18   1        AUXR |= 0x40;     //定时器时钟1T模式
  19   1        TMOD &= 0x0F;     //设置定时器模式
  20   1        TL1 = 0x20;       //设置定时初始值
  21   1        TH1 = 0xD1;       //设置定时初始值
  22   1        TF1 = 0;        //清除TF1标志
  23   1        TR1 = 1;        //定时器1开始计时
  24   1        ET1 = 1;
  25   1      }
  26          
  27          
  28          //NE555
  29          //void Timer0_Init(void)
  30          //{
  31          //  TMOD &= 0xF0;
  32          //  TMOD |= 0x05;
  33          //  TL0 = 0;
  34          //  TH0 = 0;
  35          //  TR0 = 1;
  36          //}
  37          
  38          
  39          //Ultrasonic
  40          void Timer0_Init(void)    //12微秒@12.000MHz
  41          {
  42   1        AUXR &= 0x7F;     //定时器时钟12T模式
  43   1        TMOD &= 0xF0;     //设置定时器模式
  44   1        TL0 = 0xF4;       //设置定时初始值
  45   1        TH0 = 0xFF;       //设置定时初始值
  46   1        TF0 = 0;        //清除TF0标志
  47   1        TR0 = 0;        //定时器0开始不计时
  48   1      }


MODULE INFORMATION:   STATIC OVERLAYABLE
   CODE SIZE        =     36    ----
   CONSTANT SIZE    =   ----    ----
   XDATA SIZE       =   ----    ----
C51 COMPILER V9.60.7.0   TIMER                                                             03/27/2024 19:13:44 PAGE 2   

   PDATA SIZE       =   ----    ----
   DATA SIZE        =   ----    ----
   IDATA SIZE       =   ----    ----
   BIT SIZE         =   ----    ----
END OF MODULE INFORMATION.


C51 COMPILATION COMPLETE.  0 WARNING(S),  0 ERROR(S)
