C51 COMPILER V9.60.7.0   MAIN                                                              03/10/2024 15:17:39 PAGE 1   


C51 COMPILER V9.60.7.0, COMPILATION OF MODULE MAIN
OBJECT MODULE PLACED IN .\Objects\main.obj
COMPILER INVOKED BY: F:\keil5\C51\BIN\C51.EXE main.c OPTIMIZE(8,SPEED) BROWSE INCDIR(.\Driver) DEBUG OBJECTEXTEND PRINT(
                    -.\Listings\main.lst) TABS(2) OBJECT(.\Objects\main.obj)

line level    source

   1          #include "timer.h"
   2          #include "iic.h"
   3          #include "init.h"
   4          #include "led.h"
   5          #include "key.h"
   6          #include "seg.h"
   7          #include "ultrasonic.h"
   8          #include "string.h"
   9          //ultrasoinc
  10          unsigned int ultrasonic_dly = 0;
  11          unsigned char dist = 0;
  12          unsigned char ultrasonic_disp[8] = {0};
  13          
  14          //seg
  15          unsigned char seg_dly = 0;
  16          unsigned char seg_buf[8] = {0};
  17          unsigned char seg_code[8] = {0};
  18          unsigned char seg_pos = 0;
  19          unsigned char seg_last[8] = {0};
  20          
  21          //func
  22          void seg_disp(unsigned char[8]);
  23          void ultrasonic_test(void);
  24          
  25          
  26          void main()
  27          {
  28   1        Cls_Peripheral();
  29   1        Timer0_Init();
  30   1        Timer1_Init();
  31   1        EA = 1;
  32   1        
  33   1        while(1)
  34   1        {
  35   2          //ultrasonic_test();
  36   2          //sprintf(ultrasonic_disp, "     123", (unsigned int)dist);
  37   2          seg_disp("123     ");
  38   2        }
  39   1      }
  40          
  41          
  42          /*
  43          void ultrasonic_test(void)
  44          {
  45            if(ultrasonic_dly < 500)
  46              return;
  47              
  48            ultrasonic_dly = 0;
  49            dist = Wave_Recv();
  50          }
  51          */
  52          
  53          void Timer_1() interrupt 3
  54          {
C51 COMPILER V9.60.7.0   MAIN                                                              03/10/2024 15:17:39 PAGE 2   

  55   1        seg_dly++;
  56   1        ultrasonic_dly++;
  57   1      }
  58          
  59          
  60          void seg_disp(unsigned char buf[8])
  61          {
  62   1        if(strcmp(seg_last, buf))
  63   1          Seg_Tran(buf, seg_code);
  64   1        strcpy(seg_last, buf);
  65   1        
  66   1        while(seg_dly % 2 == 0)
  67   1        {
  68   2          seg_pos++;
  69   2          seg_pos %= 8;
  70   2          Seg_Display(seg_code, seg_pos);
  71   2        }
  72   1      }


MODULE INFORMATION:   STATIC OVERLAYABLE
   CODE SIZE        =    112    ----
   CONSTANT SIZE    =      9    ----
   XDATA SIZE       =   ----    ----
   PDATA SIZE       =   ----    ----
   DATA SIZE        =     37       3
   IDATA SIZE       =   ----    ----
   BIT SIZE         =   ----    ----
END OF MODULE INFORMATION.


C51 COMPILATION COMPLETE.  0 WARNING(S),  0 ERROR(S)
